{
	"version":"2.0.6",
	"listen_queue":0,
	"listen_queue_errors":0,
	"signal_queue":0,
	"load":0,
	"pid":44895,
	"uid":498,
	"gid":498,
	"cwd":"/data/advert/source",
	"locks":[
		{
			"user 0":0
		},
		{
			"signal":0
		},
		{
			"filemon":0
		},
		{
			"timer":0
		},
		{
			"rbtimer":0
		},
		{
			"cron":0
		},
		{
			"rpc":0
		},
		{
			"snmp":0
		}
	],
	"sockets":[
		{
			"name":":9000",
			"proto":"uwsgi",
			"queue":0,
			"max_queue":30000,
			"shared":0,
			"can_offload":0
		}
	],
	"workers":[
		{
			"id":1,
			"pid":44896,
			"accepting":1,
			"requests":7265,
			"delta_requests":7265,
			"exceptions":0,
			"harakiri_count":0,
			"signals":0,
			"signal_queue":0,
			"status":"idle",
			"rss":0,
			"vsz":0,
			"running_time":1456303800,
			"last_spawn":1421389228,
			"respawn_count":1,
			"tx":6553869,
			"avg_rt":44897,
			"apps":[
				{
					"id":0,
					"modifier1":0,
					"mountpoint":"",
					"startup_time":1,
					"requests":7265,
					"exceptions":0,
					"chdir":""
				}
			],
			"cores":[
				{
					"id":0,
					"requests":7265,
					"static_requests":0,
					"routed_requests":0,
					"offloaded_requests":0,
					"write_errors":0,
					"read_errors":0,
					"in_request":0,
					"vars":[

					]
				}
			]
		},
		{
			"id":2,
			"pid":44897,
			"accepting":1,
			"requests":14697,
			"delta_requests":14697,
			"exceptions":0,
			"harakiri_count":0,
			"signals":0,
			"signal_queue":0,
			"status":"idle",
			"rss":0,
			"vsz":0,
			"running_time":4185808272,
			"last_spawn":1421389228,
			"respawn_count":1,
			"tx":8031814,
			"avg_rt":65966,
			"apps":[
				{
					"id":0,
					"modifier1":0,
					"mountpoint":"",
					"startup_time":2,
					"requests":14697,
					"exceptions":0,
					"chdir":""
				}
			],
			"cores":[
				{
					"id":0,
					"requests":14697,
					"static_requests":0,
					"routed_requests":0,
					"offloaded_requests":0,
					"write_errors":0,
					"read_errors":0,
					"in_request":0,
					"vars":[

					]
				}
			]
		},
		{
			"id":3,
			"pid":44898,
			"accepting":1,
			"requests":17676,
			"delta_requests":17676,
			"exceptions":0,
			"harakiri_count":0,
			"signals":0,
			"signal_queue":0,
			"status":"idle",
			"rss":0,
			"vsz":0,
			"running_time":3545329795,
			"last_spawn":1421389228,
			"respawn_count":1,
			"tx":15789010,
			"avg_rt":854440,
			"apps":[
				{
					"id":0,
					"modifier1":0,
					"mountpoint":"",
					"startup_time":1,
					"requests":17676,
					"exceptions":0,
					"chdir":""
				}
			],
			"cores":[
				{
					"id":0,
					"requests":17676,
					"static_requests":0,
					"routed_requests":0,
					"offloaded_requests":0,
					"write_errors":0,
					"read_errors":0,
					"in_request":0,
					"vars":[

					]
				}
			]
		},
		{
			"id":4,
			"pid":44899,
			"accepting":1,
			"requests":34788,
			"delta_requests":34788,
			"exceptions":0,
			"harakiri_count":0,
			"signals":0,
			"signal_queue":0,
			"status":"idle",
			"rss":0,
			"vsz":0,
			"running_time":6992256419,
			"last_spawn":1421389228,
			"respawn_count":1,
			"tx":31316529,
			"avg_rt":350209,
			"apps":[
				{
					"id":0,
					"modifier1":0,
					"mountpoint":"",
					"startup_time":2,
					"requests":34787,
					"exceptions":0,
					"chdir":""
				}
			],
			"cores":[
				{
					"id":0,
					"requests":34788,
					"static_requests":0,
					"routed_requests":0,
					"offloaded_requests":0,
					"write_errors":0,
					"read_errors":0,
					"in_request":0,
					"vars":[

					]
				}
			]
		},
		{
			"id":5,
			"pid":44900,
			"accepting":1,
			"requests":29791,
			"delta_requests":29791,
			"exceptions":0,
			"harakiri_count":0,
			"signals":0,
			"signal_queue":0,
			"status":"idle",
			"rss":0,
			"vsz":0,
			"running_time":5895594257,
			"last_spawn":1421389228,
			"respawn_count":1,
			"tx":26774929,
			"avg_rt":373066,
			"apps":[
				{
					"id":0,
					"modifier1":0,
					"mountpoint":"",
					"startup_time":1,
					"requests":29791,
					"exceptions":0,
					"chdir":""
				}
			],
			"cores":[
				{
					"id":0,
					"requests":29791,
					"static_requests":0,
					"routed_requests":0,
					"offloaded_requests":0,
					"write_errors":0,
					"read_errors":0,
					"in_request":0,
					"vars":[

					]
				}
			]
		},
		{
			"id":6,
			"pid":44901,
			"accepting":1,
			"requests":16527,
			"delta_requests":16527,
			"exceptions":0,
			"harakiri_count":0,
			"signals":0,
			"signal_queue":0,
			"status":"idle",
			"rss":0,
			"vsz":0,
			"running_time":3753619185,
			"last_spawn":1421389228,
			"respawn_count":1,
			"tx":14588593,
			"avg_rt":676467,
			"apps":[
				{
					"id":0,
					"modifier1":0,
					"mountpoint":"",
					"startup_time":1,
					"requests":16527,
					"exceptions":0,
					"chdir":""
				}
			],
			"cores":[
				{
					"id":0,
					"requests":16527,
					"static_requests":0,
					"routed_requests":0,
					"offloaded_requests":0,
					"write_errors":0,
					"read_errors":0,
					"in_request":0,
					"vars":[

					]
				}
			]
		},
		{
			"id":7,
			"pid":44902,
			"accepting":1,
			"requests":20797,
			"delta_requests":20797,
			"exceptions":0,
			"harakiri_count":0,
			"signals":0,
			"signal_queue":0,
			"status":"idle",
			"rss":0,
			"vsz":0,
			"running_time":4204808448,
			"last_spawn":1421389228,
			"respawn_count":1,
			"tx":18600252,
			"avg_rt":35112,
			"apps":[
				{
					"id":0,
					"modifier1":0,
					"mountpoint":"",
					"startup_time":1,
					"requests":20797,
					"exceptions":0,
					"chdir":""
				}
			],
			"cores":[
				{
					"id":0,
					"requests":20797,
					"static_requests":0,
					"routed_requests":0,
					"offloaded_requests":0,
					"write_errors":0,
					"read_errors":0,
					"in_request":0,
					"vars":[

					]
				}
			]
		},
		{
			"id":8,
			"pid":44903,
			"accepting":1,
			"requests":14595,
			"delta_requests":14595,
			"exceptions":0,
			"harakiri_count":0,
			"signals":0,
			"signal_queue":0,
			"status":"idle",
			"rss":0,
			"vsz":0,
			"running_time":2972928242,
			"last_spawn":1421389228,
			"respawn_count":1,
			"tx":12728565,
			"avg_rt":26497,
			"apps":[
				{
					"id":0,
					"modifier1":0,
					"mountpoint":"",
					"startup_time":1,
					"requests":14595,
					"exceptions":0,
					"chdir":""
				}
			],
			"cores":[
				{
					"id":0,
					"requests":14595,
					"static_requests":0,
					"routed_requests":0,
					"offloaded_requests":0,
					"write_errors":0,
					"read_errors":0,
					"in_request":0,
					"vars":[

					]
				}
			]
		},
		{
			"id":9,
			"pid":44904,
			"accepting":1,
			"requests":43054,
			"delta_requests":43054,
			"exceptions":0,
			"harakiri_count":0,
			"signals":0,
			"signal_queue":0,
			"status":"idle",
			"rss":0,
			"vsz":0,
			"running_time":9075575899,
			"last_spawn":1421389228,
			"respawn_count":1,
			"tx":37899639,
			"avg_rt":15633,
			"apps":[
				{
					"id":0,
					"modifier1":0,
					"mountpoint":"",
					"startup_time":2,
					"requests":43054,
					"exceptions":0,
					"chdir":""
				}
			],
			"cores":[
				{
					"id":0,
					"requests":43054,
					"static_requests":0,
					"routed_requests":0,
					"offloaded_requests":0,
					"write_errors":0,
					"read_errors":0,
					"in_request":0,
					"vars":[

					]
				}
			]
		},
		{
			"id":10,
			"pid":44905,
			"accepting":1,
			"requests":25208,
			"delta_requests":25208,
			"exceptions":0,
			"harakiri_count":0,
			"signals":0,
			"signal_queue":0,
			"status":"idle",
			"rss":0,
			"vsz":0,
			"running_time":5007422276,
			"last_spawn":1421389228,
			"respawn_count":1,
			"tx":22639050,
			"avg_rt":571112,
			"apps":[
				{
					"id":0,
					"modifier1":0,
					"mountpoint":"",
					"startup_time":1,
					"requests":25208,
					"exceptions":0,
					"chdir":""
				}
			],
			"cores":[
				{
					"id":0,
					"requests":25208,
					"static_requests":0,
					"routed_requests":0,
					"offloaded_requests":0,
					"write_errors":0,
					"read_errors":0,
					"in_request":0,
					"vars":[

					]
				}
			]
		},
		{
			"id":11,
			"pid":44906,
			"accepting":1,
			"requests":9440,
			"delta_requests":9440,
			"exceptions":0,
			"harakiri_count":0,
			"signals":0,
			"signal_queue":0,
			"status":"idle",
			"rss":0,
			"vsz":0,
			"running_time":1868035143,
			"last_spawn":1421389228,
			"respawn_count":1,
			"tx":8363943,
			"avg_rt":704523,
			"apps":[
				{
					"id":0,
					"modifier1":0,
					"mountpoint":"",
					"startup_time":1,
					"requests":9440,
					"exceptions":0,
					"chdir":""
				}
			],
			"cores":[
				{
					"id":0,
					"requests":9440,
					"static_requests":0,
					"routed_requests":0,
					"offloaded_requests":0,
					"write_errors":0,
					"read_errors":0,
					"in_request":0,
					"vars":[

					]
				}
			]
		},
		{
			"id":12,
			"pid":44907,
			"accepting":1,
			"requests":11662,
			"delta_requests":11662,
			"exceptions":0,
			"harakiri_count":0,
			"signals":0,
			"signal_queue":0,
			"status":"idle",
			"rss":0,
			"vsz":0,
			"running_time":2387959843,
			"last_spawn":1421389228,
			"respawn_count":1,
			"tx":10479762,
			"avg_rt":620104,
			"apps":[
				{
					"id":0,
					"modifier1":0,
					"mountpoint":"",
					"startup_time":1,
					"requests":11662,
					"exceptions":0,
					"chdir":""
				}
			],
			"cores":[
				{
					"id":0,
					"requests":11662,
					"static_requests":0,
					"routed_requests":0,
					"offloaded_requests":0,
					"write_errors":0,
					"read_errors":0,
					"in_request":0,
					"vars":[

					]
				}
			]
		},
		{
			"id":13,
			"pid":44908,
			"accepting":1,
			"requests":16569,
			"delta_requests":16569,
			"exceptions":0,
			"harakiri_count":0,
			"signals":0,
			"signal_queue":0,
			"status":"idle",
			"rss":0,
			"vsz":0,
			"running_time":3429873588,
			"last_spawn":1421389228,
			"respawn_count":1,
			"tx":14637168,
			"avg_rt":480796,
			"apps":[
				{
					"id":0,
					"modifier1":0,
					"mountpoint":"",
					"startup_time":1,
					"requests":16569,
					"exceptions":0,
					"chdir":""
				}
			],
			"cores":[
				{
					"id":0,
					"requests":16569,
					"static_requests":0,
					"routed_requests":0,
					"offloaded_requests":0,
					"write_errors":0,
					"read_errors":0,
					"in_request":0,
					"vars":[

					]
				}
			]
		},
		{
			"id":14,
			"pid":44909,
			"accepting":1,
			"requests":8616,
			"delta_requests":8616,
			"exceptions":0,
			"harakiri_count":0,
			"signals":0,
			"signal_queue":0,
			"status":"idle",
			"rss":0,
			"vsz":0,
			"running_time":1768636356,
			"last_spawn":1421389228,
			"respawn_count":1,
			"tx":7863022,
			"avg_rt":32659,
			"apps":[
				{
					"id":0,
					"modifier1":0,
					"mountpoint":"",
					"startup_time":1,
					"requests":8616,
					"exceptions":0,
					"chdir":""
				}
			],
			"cores":[
				{
					"id":0,
					"requests":8616,
					"static_requests":0,
					"routed_requests":0,
					"offloaded_requests":0,
					"write_errors":0,
					"read_errors":0,
					"in_request":0,
					"vars":[

					]
				}
			]
		},
		{
			"id":15,
			"pid":44910,
			"accepting":1,
			"requests":18813,
			"delta_requests":18813,
			"exceptions":0,
			"harakiri_count":0,
			"signals":0,
			"signal_queue":0,
			"status":"idle",
			"rss":0,
			"vsz":0,
			"running_time":3769707491,
			"last_spawn":1421389228,
			"respawn_count":1,
			"tx":16811292,
			"avg_rt":158042,
			"apps":[
				{
					"id":0,
					"modifier1":0,
					"mountpoint":"",
					"startup_time":1,
					"requests":18813,
					"exceptions":0,
					"chdir":""
				}
			],
			"cores":[
				{
					"id":0,
					"requests":18813,
					"static_requests":0,
					"routed_requests":0,
					"offloaded_requests":0,
					"write_errors":0,
					"read_errors":0,
					"in_request":0,
					"vars":[

					]
				}
			]
		},
		{
			"id":16,
			"pid":44911,
			"accepting":1,
			"requests":19333,
			"delta_requests":19333,
			"exceptions":0,
			"harakiri_count":0,
			"signals":0,
			"signal_queue":0,
			"status":"idle",
			"rss":0,
			"vsz":0,
			"running_time":5694822164,
			"last_spawn":1421389228,
			"respawn_count":1,
			"tx":16994651,
			"avg_rt":257328,
			"apps":[
				{
					"id":0,
					"modifier1":0,
					"mountpoint":"",
					"startup_time":1,
					"requests":19333,
					"exceptions":0,
					"chdir":""
				}
			],
			"cores":[
				{
					"id":0,
					"requests":19333,
					"static_requests":0,
					"routed_requests":0,
					"offloaded_requests":0,
					"write_errors":0,
					"read_errors":0,
					"in_request":0,
					"vars":[

					]
				}
			]
		},
		{
			"id":17,
			"pid":44912,
			"accepting":1,
			"requests":15307,
			"delta_requests":15307,
			"exceptions":0,
			"harakiri_count":0,
			"signals":0,
			"signal_queue":0,
			"status":"idle",
			"rss":0,
			"vsz":0,
			"running_time":3089997396,
			"last_spawn":1421389228,
			"respawn_count":1,
			"tx":13648735,
			"avg_rt":221991,
			"apps":[
				{
					"id":0,
					"modifier1":0,
					"mountpoint":"",
					"startup_time":1,
					"requests":15307,
					"exceptions":0,
					"chdir":""
				}
			],
			"cores":[
				{
					"id":0,
					"requests":15307,
					"static_requests":0,
					"routed_requests":0,
					"offloaded_requests":0,
					"write_errors":0,
					"read_errors":0,
					"in_request":0,
					"vars":[

					]
				}
			]
		},
		{
			"id":18,
			"pid":44913,
			"accepting":1,
			"requests":24743,
			"delta_requests":24743,
			"exceptions":0,
			"harakiri_count":0,
			"signals":0,
			"signal_queue":0,
			"status":"idle",
			"rss":0,
			"vsz":0,
			"running_time":5024623243,
			"last_spawn":1421389228,
			"respawn_count":1,
			"tx":22079958,
			"avg_rt":58720,
			"apps":[
				{
					"id":0,
					"modifier1":0,
					"mountpoint":"",
					"startup_time":1,
					"requests":24743,
					"exceptions":0,
					"chdir":""
				}
			],
			"cores":[
				{
					"id":0,
					"requests":24743,
					"static_requests":0,
					"routed_requests":0,
					"offloaded_requests":0,
					"write_errors":0,
					"read_errors":0,
					"in_request":0,
					"vars":[

					]
				}
			]
		},
		{
			"id":19,
			"pid":44914,
			"accepting":1,
			"requests":10525,
			"delta_requests":10525,
			"exceptions":0,
			"harakiri_count":0,
			"signals":0,
			"signal_queue":0,
			"status":"idle",
			"rss":0,
			"vsz":0,
			"running_time":2279884740,
			"last_spawn":1421389228,
			"respawn_count":1,
			"tx":9194613,
			"avg_rt":37700,
			"apps":[
				{
					"id":0,
					"modifier1":0,
					"mountpoint":"",
					"startup_time":1,
					"requests":10525,
					"exceptions":0,
					"chdir":""
				}
			],
			"cores":[
				{
					"id":0,
					"requests":10525,
					"static_requests":0,
					"routed_requests":0,
					"offloaded_requests":0,
					"write_errors":0,
					"read_errors":0,
					"in_request":0,
					"vars":[

					]
				}
			]
		},
		{
			"id":20,
			"pid":44915,
			"accepting":1,
			"requests":27491,
			"delta_requests":27491,
			"exceptions":0,
			"harakiri_count":0,
			"signals":0,
			"signal_queue":0,
			"status":"idle",
			"rss":0,
			"vsz":0,
			"running_time":5457820257,
			"last_spawn":1421389228,
			"respawn_count":1,
			"tx":24655560,
			"avg_rt":88863,
			"apps":[
				{
					"id":0,
					"modifier1":0,
					"mountpoint":"",
					"startup_time":1,
					"requests":27491,
					"exceptions":0,
					"chdir":""
				}
			],
			"cores":[
				{
					"id":0,
					"requests":27491,
					"static_requests":0,
					"routed_requests":0,
					"offloaded_requests":0,
					"write_errors":0,
					"read_errors":0,
					"in_request":0,
					"vars":[

					]
				}
			]
		},
		{
			"id":21,
			"pid":44916,
			"accepting":1,
			"requests":6328,
			"delta_requests":6328,
			"exceptions":0,
			"harakiri_count":0,
			"signals":0,
			"signal_queue":0,
			"status":"idle",
			"rss":0,
			"vsz":0,
			"running_time":1298779967,
			"last_spawn":1421389228,
			"respawn_count":1,
			"tx":5642938,
			"avg_rt":15416,
			"apps":[
				{
					"id":0,
					"modifier1":0,
					"mountpoint":"",
					"startup_time":1,
					"requests":6328,
					"exceptions":0,
					"chdir":""
				}
			],
			"cores":[
				{
					"id":0,
					"requests":6328,
					"static_requests":0,
					"routed_requests":0,
					"offloaded_requests":0,
					"write_errors":0,
					"read_errors":0,
					"in_request":0,
					"vars":[

					]
				}
			]
		},
		{
			"id":22,
			"pid":44917,
			"accepting":1,
			"requests":13553,
			"delta_requests":13553,
			"exceptions":0,
			"harakiri_count":0,
			"signals":0,
			"signal_queue":0,
			"status":"idle",
			"rss":0,
			"vsz":0,
			"running_time":2775558772,
			"last_spawn":1421389228,
			"respawn_count":1,
			"tx":11947337,
			"avg_rt":270222,
			"apps":[
				{
					"id":0,
					"modifier1":0,
					"mountpoint":"",
					"startup_time":1,
					"requests":13553,
					"exceptions":0,
					"chdir":""
				}
			],
			"cores":[
				{
					"id":0,
					"requests":13553,
					"static_requests":0,
					"routed_requests":0,
					"offloaded_requests":0,
					"write_errors":0,
					"read_errors":0,
					"in_request":0,
					"vars":[

					]
				}
			]
		},
		{
			"id":23,
			"pid":44918,
			"accepting":1,
			"requests":12876,
			"delta_requests":12876,
			"exceptions":0,
			"harakiri_count":0,
			"signals":0,
			"signal_queue":0,
			"status":"idle",
			"rss":0,
			"vsz":0,
			"running_time":2585317396,
			"last_spawn":1421389228,
			"respawn_count":1,
			"tx":11500237,
			"avg_rt":333397,
			"apps":[
				{
					"id":0,
					"modifier1":0,
					"mountpoint":"",
					"startup_time":1,
					"requests":12876,
					"exceptions":0,
					"chdir":""
				}
			],
			"cores":[
				{
					"id":0,
					"requests":12876,
					"static_requests":0,
					"routed_requests":0,
					"offloaded_requests":0,
					"write_errors":0,
					"read_errors":0,
					"in_request":0,
					"vars":[

					]
				}
			]
		},
		{
			"id":24,
			"pid":44919,
			"accepting":1,
			"requests":21888,
			"delta_requests":21888,
			"exceptions":0,
			"harakiri_count":0,
			"signals":0,
			"signal_queue":0,
			"status":"idle",
			"rss":0,
			"vsz":0,
			"running_time":4605280974,
			"last_spawn":1421389228,
			"respawn_count":1,
			"tx":19886643,
			"avg_rt":580341,
			"apps":[
				{
					"id":0,
					"modifier1":0,
					"mountpoint":"",
					"startup_time":1,
					"requests":21888,
					"exceptions":0,
					"chdir":""
				}
			],
			"cores":[
				{
					"id":0,
					"requests":21888,
					"static_requests":0,
					"routed_requests":0,
					"offloaded_requests":0,
					"write_errors":0,
					"read_errors":0,
					"in_request":0,
					"vars":[

					]
				}
			]
		}
	]
}