{
	"version":"2.0.6",
	"listen_queue":0,
	"listen_queue_errors":0,
	"signal_queue":0,
	"load":0,
	"pid":44895,
	"uid":498,
	"gid":498,
	"cwd":"/data/advert/source",
	"locks":[
		{
			"user 0":0
		},
		{
			"signal":0
		},
		{
			"filemon":0
		},
		{
			"timer":0
		},
		{
			"rbtimer":0
		},
		{
			"cron":0
		},
		{
			"rpc":0
		},
		{
			"snmp":0
		}
	],
	"sockets":[
		{
			"name":":9000",
			"proto":"uwsgi",
			"queue":0,
			"max_queue":30000,
			"shared":0,
			"can_offload":0
		}
	],
	"workers":[
		{
			"id":1,
			"pid":44896,
			"accepting":1,
			"requests":7261,
			"delta_requests":7261,
			"exceptions":0,
			"harakiri_count":0,
			"signals":0,
			"signal_queue":0,
			"status":"idle",
			"rss":0,
			"vsz":0,
			"running_time":1456199114,
			"last_spawn":1421389228,
			"respawn_count":1,
			"tx":6545291,
			"avg_rt":238336,
			"apps":[
				{
					"id":0,
					"modifier1":0,
					"mountpoint":"",
					"startup_time":1,
					"requests":7261,
					"exceptions":0,
					"chdir":""
				}
			],
			"cores":[
				{
					"id":0,
					"requests":7261,
					"static_requests":0,
					"routed_requests":0,
					"offloaded_requests":0,
					"write_errors":0,
					"read_errors":0,
					"in_request":0,
					"vars":[

					]
				}
			]
		},
		{
			"id":2,
			"pid":44897,
			"accepting":1,
			"requests":14684,
			"delta_requests":14684,
			"exceptions":0,
			"harakiri_count":0,
			"signals":0,
			"signal_queue":0,
			"status":"idle",
			"rss":0,
			"vsz":0,
			"running_time":4184121463,
			"last_spawn":1421389228,
			"respawn_count":1,
			"tx":8027658,
			"avg_rt":608523,
			"apps":[
				{
					"id":0,
					"modifier1":0,
					"mountpoint":"",
					"startup_time":2,
					"requests":14684,
					"exceptions":0,
					"chdir":""
				}
			],
			"cores":[
				{
					"id":0,
					"requests":14684,
					"static_requests":0,
					"routed_requests":0,
					"offloaded_requests":0,
					"write_errors":0,
					"read_errors":0,
					"in_request":0,
					"vars":[

					]
				}
			]
		},
		{
			"id":3,
			"pid":44898,
			"accepting":1,
			"requests":17666,
			"delta_requests":17666,
			"exceptions":0,
			"harakiri_count":0,
			"signals":0,
			"signal_queue":0,
			"status":"idle",
			"rss":0,
			"vsz":0,
			"running_time":3542230852,
			"last_spawn":1421389228,
			"respawn_count":1,
			"tx":15783392,
			"avg_rt":39845,
			"apps":[
				{
					"id":0,
					"modifier1":0,
					"mountpoint":"",
					"startup_time":1,
					"requests":17666,
					"exceptions":0,
					"chdir":""
				}
			],
			"cores":[
				{
					"id":0,
					"requests":17666,
					"static_requests":0,
					"routed_requests":0,
					"offloaded_requests":0,
					"write_errors":0,
					"read_errors":0,
					"in_request":0,
					"vars":[

					]
				}
			]
		},
		{
			"id":4,
			"pid":44899,
			"accepting":1,
			"requests":34773,
			"delta_requests":34773,
			"exceptions":0,
			"harakiri_count":0,
			"signals":0,
			"signal_queue":0,
			"status":"idle",
			"rss":0,
			"vsz":0,
			"running_time":6987331597,
			"last_spawn":1421389228,
			"respawn_count":1,
			"tx":31303097,
			"avg_rt":22631,
			"apps":[
				{
					"id":0,
					"modifier1":0,
					"mountpoint":"",
					"startup_time":2,
					"requests":34772,
					"exceptions":0,
					"chdir":""
				}
			],
			"cores":[
				{
					"id":0,
					"requests":34773,
					"static_requests":0,
					"routed_requests":0,
					"offloaded_requests":0,
					"write_errors":0,
					"read_errors":0,
					"in_request":0,
					"vars":[

					]
				}
			]
		},
		{
			"id":5,
			"pid":44900,
			"accepting":1,
			"requests":29765,
			"delta_requests":29765,
			"exceptions":0,
			"harakiri_count":0,
			"signals":0,
			"signal_queue":0,
			"status":"idle",
			"rss":0,
			"vsz":0,
			"running_time":5891778142,
			"last_spawn":1421389228,
			"respawn_count":1,
			"tx":26766077,
			"avg_rt":11230,
			"apps":[
				{
					"id":0,
					"modifier1":0,
					"mountpoint":"",
					"startup_time":1,
					"requests":29765,
					"exceptions":0,
					"chdir":""
				}
			],
			"cores":[
				{
					"id":0,
					"requests":29765,
					"static_requests":0,
					"routed_requests":0,
					"offloaded_requests":0,
					"write_errors":0,
					"read_errors":0,
					"in_request":0,
					"vars":[

					]
				}
			]
		},
		{
			"id":6,
			"pid":44901,
			"accepting":1,
			"requests":16511,
			"delta_requests":16511,
			"exceptions":0,
			"harakiri_count":0,
			"signals":0,
			"signal_queue":0,
			"status":"idle",
			"rss":0,
			"vsz":0,
			"running_time":3749844279,
			"last_spawn":1421389228,
			"respawn_count":1,
			"tx":14576159,
			"avg_rt":51488,
			"apps":[
				{
					"id":0,
					"modifier1":0,
					"mountpoint":"",
					"startup_time":1,
					"requests":16511,
					"exceptions":0,
					"chdir":""
				}
			],
			"cores":[
				{
					"id":0,
					"requests":16511,
					"static_requests":0,
					"routed_requests":0,
					"offloaded_requests":0,
					"write_errors":0,
					"read_errors":0,
					"in_request":0,
					"vars":[

					]
				}
			]
		},
		{
			"id":7,
			"pid":44902,
			"accepting":1,
			"requests":20776,
			"delta_requests":20776,
			"exceptions":0,
			"harakiri_count":0,
			"signals":0,
			"signal_queue":0,
			"status":"idle",
			"rss":0,
			"vsz":0,
			"running_time":4202408177,
			"last_spawn":1421389228,
			"respawn_count":1,
			"tx":18583704,
			"avg_rt":213030,
			"apps":[
				{
					"id":0,
					"modifier1":0,
					"mountpoint":"",
					"startup_time":1,
					"requests":20776,
					"exceptions":0,
					"chdir":""
				}
			],
			"cores":[
				{
					"id":0,
					"requests":20776,
					"static_requests":0,
					"routed_requests":0,
					"offloaded_requests":0,
					"write_errors":0,
					"read_errors":0,
					"in_request":0,
					"vars":[

					]
				}
			]
		},
		{
			"id":8,
			"pid":44903,
			"accepting":1,
			"requests":14586,
			"delta_requests":14586,
			"exceptions":0,
			"harakiri_count":0,
			"signals":0,
			"signal_queue":0,
			"status":"idle",
			"rss":0,
			"vsz":0,
			"running_time":2972076520,
			"last_spawn":1421389228,
			"respawn_count":1,
			"tx":12718788,
			"avg_rt":18175,
			"apps":[
				{
					"id":0,
					"modifier1":0,
					"mountpoint":"",
					"startup_time":1,
					"requests":14586,
					"exceptions":0,
					"chdir":""
				}
			],
			"cores":[
				{
					"id":0,
					"requests":14586,
					"static_requests":0,
					"routed_requests":0,
					"offloaded_requests":0,
					"write_errors":0,
					"read_errors":0,
					"in_request":0,
					"vars":[

					]
				}
			]
		},
		{
			"id":9,
			"pid":44904,
			"accepting":1,
			"requests":43006,
			"delta_requests":43006,
			"exceptions":0,
			"harakiri_count":0,
			"signals":0,
			"signal_queue":0,
			"status":"idle",
			"rss":0,
			"vsz":0,
			"running_time":9062288933,
			"last_spawn":1421389228,
			"respawn_count":1,
			"tx":37875411,
			"avg_rt":545393,
			"apps":[
				{
					"id":0,
					"modifier1":0,
					"mountpoint":"",
					"startup_time":2,
					"requests":43006,
					"exceptions":0,
					"chdir":""
				}
			],
			"cores":[
				{
					"id":0,
					"requests":43006,
					"static_requests":0,
					"routed_requests":0,
					"offloaded_requests":0,
					"write_errors":0,
					"read_errors":0,
					"in_request":0,
					"vars":[

					]
				}
			]
		},
		{
			"id":10,
			"pid":44905,
			"accepting":1,
			"requests":25189,
			"delta_requests":25189,
			"exceptions":0,
			"harakiri_count":0,
			"signals":0,
			"signal_queue":0,
			"status":"idle",
			"rss":0,
			"vsz":0,
			"running_time":5000422067,
			"last_spawn":1421389228,
			"respawn_count":1,
			"tx":22620643,
			"avg_rt":19506,
			"apps":[
				{
					"id":0,
					"modifier1":0,
					"mountpoint":"",
					"startup_time":1,
					"requests":25189,
					"exceptions":0,
					"chdir":""
				}
			],
			"cores":[
				{
					"id":0,
					"requests":25189,
					"static_requests":0,
					"routed_requests":0,
					"offloaded_requests":0,
					"write_errors":0,
					"read_errors":0,
					"in_request":0,
					"vars":[

					]
				}
			]
		},
		{
			"id":11,
			"pid":44906,
			"accepting":1,
			"requests":9435,
			"delta_requests":9435,
			"exceptions":0,
			"harakiri_count":0,
			"signals":0,
			"signal_queue":0,
			"status":"idle",
			"rss":0,
			"vsz":0,
			"running_time":1865473964,
			"last_spawn":1421389228,
			"respawn_count":1,
			"tx":8358539,
			"avg_rt":705536,
			"apps":[
				{
					"id":0,
					"modifier1":0,
					"mountpoint":"",
					"startup_time":1,
					"requests":9435,
					"exceptions":0,
					"chdir":""
				}
			],
			"cores":[
				{
					"id":0,
					"requests":9435,
					"static_requests":0,
					"routed_requests":0,
					"offloaded_requests":0,
					"write_errors":0,
					"read_errors":0,
					"in_request":0,
					"vars":[

					]
				}
			]
		},
		{
			"id":12,
			"pid":44907,
			"accepting":1,
			"requests":11656,
			"delta_requests":11656,
			"exceptions":0,
			"harakiri_count":0,
			"signals":0,
			"signal_queue":0,
			"status":"idle",
			"rss":0,
			"vsz":0,
			"running_time":2386066635,
			"last_spawn":1421389228,
			"respawn_count":1,
			"tx":10477004,
			"avg_rt":13559,
			"apps":[
				{
					"id":0,
					"modifier1":0,
					"mountpoint":"",
					"startup_time":1,
					"requests":11656,
					"exceptions":0,
					"chdir":""
				}
			],
			"cores":[
				{
					"id":0,
					"requests":11656,
					"static_requests":0,
					"routed_requests":0,
					"offloaded_requests":0,
					"write_errors":0,
					"read_errors":0,
					"in_request":0,
					"vars":[

					]
				}
			]
		},
		{
			"id":13,
			"pid":44908,
			"accepting":1,
			"requests":16550,
			"delta_requests":16550,
			"exceptions":0,
			"harakiri_count":0,
			"signals":0,
			"signal_queue":0,
			"status":"idle",
			"rss":0,
			"vsz":0,
			"running_time":3426198229,
			"last_spawn":1421389228,
			"respawn_count":1,
			"tx":14618368,
			"avg_rt":55203,
			"apps":[
				{
					"id":0,
					"modifier1":0,
					"mountpoint":"",
					"startup_time":1,
					"requests":16550,
					"exceptions":0,
					"chdir":""
				}
			],
			"cores":[
				{
					"id":0,
					"requests":16550,
					"static_requests":0,
					"routed_requests":0,
					"offloaded_requests":0,
					"write_errors":0,
					"read_errors":0,
					"in_request":0,
					"vars":[

					]
				}
			]
		},
		{
			"id":14,
			"pid":44909,
			"accepting":1,
			"requests":8610,
			"delta_requests":8610,
			"exceptions":0,
			"harakiri_count":0,
			"signals":0,
			"signal_queue":0,
			"status":"idle",
			"rss":0,
			"vsz":0,
			"running_time":1767783544,
			"last_spawn":1421389228,
			"respawn_count":1,
			"tx":7860493,
			"avg_rt":301625,
			"apps":[
				{
					"id":0,
					"modifier1":0,
					"mountpoint":"",
					"startup_time":1,
					"requests":8610,
					"exceptions":0,
					"chdir":""
				}
			],
			"cores":[
				{
					"id":0,
					"requests":8610,
					"static_requests":0,
					"routed_requests":0,
					"offloaded_requests":0,
					"write_errors":0,
					"read_errors":0,
					"in_request":0,
					"vars":[

					]
				}
			]
		},
		{
			"id":15,
			"pid":44910,
			"accepting":1,
			"requests":18794,
			"delta_requests":18794,
			"exceptions":0,
			"harakiri_count":0,
			"signals":0,
			"signal_queue":0,
			"status":"idle",
			"rss":0,
			"vsz":0,
			"running_time":3767492275,
			"last_spawn":1421389228,
			"respawn_count":1,
			"tx":16798007,
			"avg_rt":287812,
			"apps":[
				{
					"id":0,
					"modifier1":0,
					"mountpoint":"",
					"startup_time":1,
					"requests":18794,
					"exceptions":0,
					"chdir":""
				}
			],
			"cores":[
				{
					"id":0,
					"requests":18794,
					"static_requests":0,
					"routed_requests":0,
					"offloaded_requests":0,
					"write_errors":0,
					"read_errors":0,
					"in_request":0,
					"vars":[

					]
				}
			]
		},
		{
			"id":16,
			"pid":44911,
			"accepting":1,
			"requests":19319,
			"delta_requests":19319,
			"exceptions":0,
			"harakiri_count":0,
			"signals":0,
			"signal_queue":0,
			"status":"idle",
			"rss":0,
			"vsz":0,
			"running_time":5690564706,
			"last_spawn":1421389228,
			"respawn_count":1,
			"tx":16977904,
			"avg_rt":106023,
			"apps":[
				{
					"id":0,
					"modifier1":0,
					"mountpoint":"",
					"startup_time":1,
					"requests":19319,
					"exceptions":0,
					"chdir":""
				}
			],
			"cores":[
				{
					"id":0,
					"requests":19319,
					"static_requests":0,
					"routed_requests":0,
					"offloaded_requests":0,
					"write_errors":0,
					"read_errors":0,
					"in_request":0,
					"vars":[

					]
				}
			]
		},
		{
			"id":17,
			"pid":44912,
			"accepting":1,
			"requests":15287,
			"delta_requests":15287,
			"exceptions":0,
			"harakiri_count":0,
			"signals":0,
			"signal_queue":0,
			"status":"idle",
			"rss":0,
			"vsz":0,
			"running_time":3085824723,
			"last_spawn":1421389228,
			"respawn_count":1,
			"tx":13621952,
			"avg_rt":23473,
			"apps":[
				{
					"id":0,
					"modifier1":0,
					"mountpoint":"",
					"startup_time":1,
					"requests":15287,
					"exceptions":0,
					"chdir":""
				}
			],
			"cores":[
				{
					"id":0,
					"requests":15287,
					"static_requests":0,
					"routed_requests":0,
					"offloaded_requests":0,
					"write_errors":0,
					"read_errors":0,
					"in_request":0,
					"vars":[

					]
				}
			]
		},
		{
			"id":18,
			"pid":44913,
			"accepting":1,
			"requests":24720,
			"delta_requests":24720,
			"exceptions":0,
			"harakiri_count":0,
			"signals":0,
			"signal_queue":0,
			"status":"idle",
			"rss":0,
			"vsz":0,
			"running_time":5021509881,
			"last_spawn":1421389228,
			"respawn_count":1,
			"tx":22062902,
			"avg_rt":71771,
			"apps":[
				{
					"id":0,
					"modifier1":0,
					"mountpoint":"",
					"startup_time":1,
					"requests":24720,
					"exceptions":0,
					"chdir":""
				}
			],
			"cores":[
				{
					"id":0,
					"requests":24720,
					"static_requests":0,
					"routed_requests":0,
					"offloaded_requests":0,
					"write_errors":0,
					"read_errors":0,
					"in_request":0,
					"vars":[

					]
				}
			]
		},
		{
			"id":19,
			"pid":44914,
			"accepting":1,
			"requests":10523,
			"delta_requests":10523,
			"exceptions":0,
			"harakiri_count":0,
			"signals":0,
			"signal_queue":0,
			"status":"idle",
			"rss":0,
			"vsz":0,
			"running_time":2279868197,
			"last_spawn":1421389228,
			"respawn_count":1,
			"tx":9194356,
			"avg_rt":124503,
			"apps":[
				{
					"id":0,
					"modifier1":0,
					"mountpoint":"",
					"startup_time":1,
					"requests":10523,
					"exceptions":0,
					"chdir":""
				}
			],
			"cores":[
				{
					"id":0,
					"requests":10523,
					"static_requests":0,
					"routed_requests":0,
					"offloaded_requests":0,
					"write_errors":0,
					"read_errors":0,
					"in_request":0,
					"vars":[

					]
				}
			]
		},
		{
			"id":20,
			"pid":44915,
			"accepting":1,
			"requests":27455,
			"delta_requests":27455,
			"exceptions":0,
			"harakiri_count":0,
			"signals":0,
			"signal_queue":0,
			"status":"idle",
			"rss":0,
			"vsz":0,
			"running_time":5449969120,
			"last_spawn":1421389228,
			"respawn_count":1,
			"tx":24624561,
			"avg_rt":230800,
			"apps":[
				{
					"id":0,
					"modifier1":0,
					"mountpoint":"",
					"startup_time":1,
					"requests":27455,
					"exceptions":0,
					"chdir":""
				}
			],
			"cores":[
				{
					"id":0,
					"requests":27455,
					"static_requests":0,
					"routed_requests":0,
					"offloaded_requests":0,
					"write_errors":0,
					"read_errors":0,
					"in_request":0,
					"vars":[

					]
				}
			]
		},
		{
			"id":21,
			"pid":44916,
			"accepting":1,
			"requests":6327,
			"delta_requests":6327,
			"exceptions":0,
			"harakiri_count":0,
			"signals":0,
			"signal_queue":0,
			"status":"idle",
			"rss":0,
			"vsz":0,
			"running_time":1298765483,
			"last_spawn":1421389228,
			"respawn_count":1,
			"tx":5642011,
			"avg_rt":16348,
			"apps":[
				{
					"id":0,
					"modifier1":0,
					"mountpoint":"",
					"startup_time":1,
					"requests":6327,
					"exceptions":0,
					"chdir":""
				}
			],
			"cores":[
				{
					"id":0,
					"requests":6327,
					"static_requests":0,
					"routed_requests":0,
					"offloaded_requests":0,
					"write_errors":0,
					"read_errors":0,
					"in_request":0,
					"vars":[

					]
				}
			]
		},
		{
			"id":22,
			"pid":44917,
			"accepting":1,
			"requests":13540,
			"delta_requests":13540,
			"exceptions":0,
			"harakiri_count":0,
			"signals":0,
			"signal_queue":0,
			"status":"idle",
			"rss":0,
			"vsz":0,
			"running_time":2774357175,
			"last_spawn":1421389228,
			"respawn_count":1,
			"tx":11938659,
			"avg_rt":199895,
			"apps":[
				{
					"id":0,
					"modifier1":0,
					"mountpoint":"",
					"startup_time":1,
					"requests":13540,
					"exceptions":0,
					"chdir":""
				}
			],
			"cores":[
				{
					"id":0,
					"requests":13540,
					"static_requests":0,
					"routed_requests":0,
					"offloaded_requests":0,
					"write_errors":0,
					"read_errors":0,
					"in_request":0,
					"vars":[

					]
				}
			]
		},
		{
			"id":23,
			"pid":44918,
			"accepting":1,
			"requests":12868,
			"delta_requests":12868,
			"exceptions":0,
			"harakiri_count":0,
			"signals":0,
			"signal_queue":0,
			"status":"idle",
			"rss":0,
			"vsz":0,
			"running_time":2580141975,
			"last_spawn":1421389228,
			"respawn_count":1,
			"tx":11489358,
			"avg_rt":250311,
			"apps":[
				{
					"id":0,
					"modifier1":0,
					"mountpoint":"",
					"startup_time":1,
					"requests":12868,
					"exceptions":0,
					"chdir":""
				}
			],
			"cores":[
				{
					"id":0,
					"requests":12868,
					"static_requests":0,
					"routed_requests":0,
					"offloaded_requests":0,
					"write_errors":0,
					"read_errors":0,
					"in_request":0,
					"vars":[

					]
				}
			]
		},
		{
			"id":24,
			"pid":44919,
			"accepting":1,
			"requests":21859,
			"delta_requests":21859,
			"exceptions":0,
			"harakiri_count":0,
			"signals":0,
			"signal_queue":0,
			"status":"idle",
			"rss":0,
			"vsz":0,
			"running_time":4597250018,
			"last_spawn":1421389228,
			"respawn_count":1,
			"tx":19870774,
			"avg_rt":89267,
			"apps":[
				{
					"id":0,
					"modifier1":0,
					"mountpoint":"",
					"startup_time":1,
					"requests":21859,
					"exceptions":0,
					"chdir":""
				}
			],
			"cores":[
				{
					"id":0,
					"requests":21859,
					"static_requests":0,
					"routed_requests":0,
					"offloaded_requests":0,
					"write_errors":0,
					"read_errors":0,
					"in_request":0,
					"vars":[

					]
				}
			]
		}
	]
}